<?xml version="1.0" encoding="UTF-8"?>
<testng-results ignored="0" total="1" passed="1" failed="0" skipped="0">
  <reporter-output>
  </reporter-output>
  <suite started-at="2025-08-07T20:43:17 IST" name="Default suite" finished-at="2025-08-07T20:43:48 IST" duration-ms="31117">
    <groups>
    </groups>
    <test started-at="2025-08-07T20:43:17 IST" name="Default test" finished-at="2025-08-07T20:43:48 IST" duration-ms="31117">
      <class name="OrangeHRM.EmployeeManagementTest">
        <test-method is-config="true" signature="setUp()[pri:0, instance:OrangeHRM.EmployeeManagementTest@6a78afa0]" started-at="2025-08-07T20:43:17 IST" name="setUp" finished-at="2025-08-07T20:43:25 IST" duration-ms="8548" status="PASS">
          <reporter-output>
          </reporter-output>
        </test-method> <!-- setUp -->
        <test-method signature="testEmployeeWorkflow()[pri:0, instance:OrangeHRM.EmployeeManagementTest@6a78afa0]" started-at="2025-08-07T20:43:25 IST" name="testEmployeeWorkflow" finished-at="2025-08-07T20:43:47 IST" duration-ms="22014" status="PASS">
          <reporter-output>
          </reporter-output>
        </test-method> <!-- testEmployeeWorkflow -->
        <test-method is-config="true" signature="tearDown()[pri:0, instance:OrangeHRM.EmployeeManagementTest@6a78afa0]" started-at="2025-08-07T20:43:47 IST" name="tearDown" finished-at="2025-08-07T20:43:48 IST" duration-ms="499" status="PASS">
          <reporter-output>
          </reporter-output>
        </test-method> <!-- tearDown -->
      </class> <!-- OrangeHRM.EmployeeManagementTest -->
    </test> <!-- Default test -->
  </suite> <!-- Default suite -->
</testng-results>
